#
# A fatal error has been detected by the Java Runtime Environment:
#
#  Internal Error (signature.cpp:54), pid=1576, tid=0x0000000000002c1c
#  fatal error: expecting (
#
# JRE version: Java(TM) SE Runtime Environment (8.0_201-b09) (build 1.8.0_201-b09)
# Java VM: Java HotSpot(TM) 64-Bit Server VM (25.201-b09 mixed mode windows-amd64 compressed oops)
# Failed to write core dump. Minidumps are not enabled by default on client versions of Windows
#
# If you would like to submit a bug report, please visit:
#   http://bugreport.java.com/bugreport/crash.jsp
#

---------------  T H R E A D  ---------------

Current thread (0x000000001c698000):  VMThread [stack: 0x000000001d720000,0x000000001d820000] [id=11292]

Stack: [0x000000001d720000,0x000000001d820000]
[error occurred during error reporting (printing stack bounds), id 0xc0000005]

Native frames: (J=compiled Java code, j=interpreted, Vv=VM code, C=native code)

VM_Operation (0x000000001e14f370): GetOrSetLocal, mode: safepoint, requested by thread 0x000000001c6f1800


---------------  P R O C E S S  ---------------

Java Threads: ( => current thread )
  0x000000001ede7000 JavaThread "ReaderThread" [_thread_in_native, id=12320, stack(0x000000001f550000,0x000000001f650000)]
  0x000000001c70f800 JavaThread "Service Thread" daemon [_thread_blocked, id=13060, stack(0x000000001ea50000,0x000000001eb50000)]
  0x000000001c71d000 JavaThread "C1 CompilerThread2" daemon [_thread_blocked, id=10696, stack(0x000000001e550000,0x000000001e650000)]
  0x000000001c71c000 JavaThread "C2 CompilerThread1" daemon [_thread_blocked, id=13844, stack(0x000000001e450000,0x000000001e550000)]
  0x000000001c71a000 JavaThread "C2 CompilerThread0" daemon [_thread_blocked, id=15836, stack(0x000000001e350000,0x000000001e450000)]
  0x000000001c6f6800 JavaThread "JDWP Command Reader" daemon [_thread_in_native, id=4468, stack(0x000000001e250000,0x000000001e350000)]
  0x000000001c6f3800 JavaThread "JDWP Event Helper Thread" daemon [_thread_blocked, id=15896, stack(0x000000001e150000,0x000000001e250000)]
  0x000000001c6f1800 JavaThread "JDWP Transport Listener: dt_socket" daemon [_thread_blocked, id=19688, stack(0x000000001e050000,0x000000001e150000)]
  0x000000001c6db000 JavaThread "Attach Listener" daemon [_thread_blocked, id=12784, stack(0x000000001dc10000,0x000000001dd10000)]
  0x000000001c6da000 JavaThread "Signal Dispatcher" daemon [_thread_blocked, id=18532, stack(0x000000001db10000,0x000000001dc10000)]
  0x00000000030ea800 JavaThread "Finalizer" daemon [_thread_blocked, id=18860, stack(0x000000001d920000,0x000000001da20000)]
  0x000000001c6b9800 JavaThread "Reference Handler" daemon [_thread_blocked, id=11732, stack(0x000000001d820000,0x000000001d920000)]
  0x0000000002ff5800 JavaThread "main" [_thread_blocked, id=19652, stack(0x0000000002e60000,0x0000000002f60000)]

Other Threads:
=>0x000000001c698000 VMThread [stack: 0x000000001d720000,0x000000001d820000] [id=11292]
  0x000000001c72e800 WatcherThread [stack: 0x000000001eb50000,0x000000001ec50000] [id=19892]

VM state:at safepoint (normal execution)

VM Mutex/Monitor currently owned by a thread:  ([mutex/lock_event])
[0x0000000002ff2ad0] Threads_lock - owner thread: 0x000000001c698000

heap address: 0x00000006c1a00000, size: 4070 MB, Compressed Oops mode: Zero based, Oop shift amount: 3
Narrow klass base: 0x0000000000000000, Narrow klass shift: 3
Compressed class space size: 1073741824 Address: 0x00000007c0000000

Heap:
 PSYoungGen      total 76288K, used 22311K [0x000000076b380000, 0x0000000770880000, 0x00000007c0000000)
  eden space 65536K, 34% used [0x000000076b380000,0x000000076c949f80,0x000000076f380000)
  from space 10752K, 0% used [0x000000076fe00000,0x000000076fe00000,0x0000000770880000)
  to   space 10752K, 0% used [0x000000076f380000,0x000000076f380000,0x000000076fe00000)
 ParOldGen       total 175104K, used 0K [0x00000006c1a00000, 0x00000006cc500000, 0x000000076b380000)
  object space 175104K, 0% used [0x00000006c1a00000,0x00000006c1a00000,0x00000006cc500000)
 Metaspace       used 8393K, capacity 8554K, committed 8704K, reserved 1056768K
  class space    used 933K, capacity 977K, committed 1024K, reserved 1048576K

Card table byte_map: [0x00000000124b0000,0x0000000012cb0000] byte_map_base: 0x000000000eea3000

Marking Bits: (ParMarkBitMap*) 0x0000000058fc4ce0
 Begin Bits: [0x0000000013600000, 0x0000000017598000)
 End Bits:   [0x0000000017598000, 0x000000001b530000)

Polling page: 0x0000000002e40000

CodeCache: size=245760Kb used=2723Kb max_used=2723Kb free=243037Kb
 bounds [0x00000000030f0000, 0x00000000033a0000, 0x00000000120f0000]
 total_blobs=908 nmethods=595 adapters=234
 compilation: enabled

Compilation events (10 events):
Event: 0.738 Thread 0x000000001c71d000  591       3       java.lang.reflect.Field::getAnnotation (23 bytes)
Event: 0.739 Thread 0x000000001c71d000 nmethod 591 0x0000000003395950 code [0x0000000003395b40, 0x0000000003396308]
Event: 0.739 Thread 0x000000001c71d000  592       3       java.lang.StringBuilder::<init> (18 bytes)
Event: 0.739 Thread 0x000000001c71d000 nmethod 592 0x00000000033985d0 code [0x0000000003398760, 0x0000000003398c28]
Event: 0.739 Thread 0x000000001c71d000  593       1       java.lang.Class::getAnnotationType (5 bytes)
Event: 0.739 Thread 0x000000001c71d000 nmethod 593 0x00000000033955d0 code [0x0000000003395720, 0x0000000003395830]
Event: 0.739 Thread 0x000000001c71d000  594       3       java.util.Properties::getProperty (46 bytes)
Event: 0.739 Thread 0x000000001c71d000 nmethod 594 0x0000000003398e10 code [0x0000000003398fa0, 0x00000000033994d8]
Event: 0.746 Thread 0x000000001c71d000  595       3       java.util.jar.Manifest::getTrustedAttributes (57 bytes)
Event: 0.746 Thread 0x000000001c71d000 nmethod 595 0x0000000003399a90 code [0x0000000003399cc0, 0x000000000339a898]

GC Heap History (0 events):
No events

Deoptimization events (5 events):
Event: 0.406 Thread 0x0000000002ff5800 Uncommon trap: reason=unstable_if action=reinterpret pc=0x000000000325b520 method=java.lang.String.startsWith(Ljava/lang/String;I)Z @ 25
Event: 0.504 Thread 0x0000000002ff5800 Uncommon trap: reason=unstable_if action=reinterpret pc=0x00000000032b4cac method=java.lang.String.indexOf([CII[CIII)I @ 3
Event: 0.659 Thread 0x0000000002ff5800 Uncommon trap: reason=class_check action=maybe_recompile pc=0x00000000032742c0 method=java.lang.String.equals(Ljava/lang/Object;)Z @ 8
Event: 0.726 Thread 0x0000000002ff5800 Uncommon trap: reason=unstable_if action=reinterpret pc=0x0000000003342ed4 method=java.util.HashMap.hash(Ljava/lang/Object;)I @ 1
Event: 0.735 Thread 0x0000000002ff5800 Uncommon trap: reason=range_check action=make_not_entrant pc=0x0000000003356f10 method=sun.reflect.generics.parser.SignatureParser.current()C @ 34

Classes redefined (2 events):
Event: 63.094 Thread 0x000000001c698000 redefined class name=com.java.framework.TestClasses.JDBCTestDemo, count=1
Event: 66.647 Thread 0x000000001c698000 redefined class name=com.java.framework.TestClasses.JDBCTestDemo, count=2

Internal exceptions (7 events):
Event: 0.030 Thread 0x0000000002ff5800 Exception <a 'java/lang/NoSuchMethodError': Method sun.misc.Unsafe.defineClass(Ljava/lang/String;[BII)Ljava/lang/Class; name or signature does not match> (0x000000076b387cb0) thrown at [C:\re\workspace\8-2-build-windows-amd64-cygwin\jdk8u201\12322\hotspot
Event: 0.030 Thread 0x0000000002ff5800 Exception <a 'java/lang/NoSuchMethodError': Method sun.misc.Unsafe.prefetchRead(Ljava/lang/Object;J)V name or signature does not match> (0x000000076b387f98) thrown at [C:\re\workspace\8-2-build-windows-amd64-cygwin\jdk8u201\12322\hotspot\src\share\vm\prim
Event: 0.381 Thread 0x0000000002ff5800 Exception <a 'java/lang/ArrayIndexOutOfBoundsException'> (0x000000076b8f51a8) thrown at [C:\re\workspace\8-2-build-windows-amd64-cygwin\jdk8u201\12322\hotspot\src\share\vm\runtime\sharedRuntime.cpp, line 605]
Event: 0.381 Thread 0x0000000002ff5800 Exception <a 'java/lang/ArrayIndexOutOfBoundsException'> (0x000000076b8f60b0) thrown at [C:\re\workspace\8-2-build-windows-amd64-cygwin\jdk8u201\12322\hotspot\src\share\vm\runtime\sharedRuntime.cpp, line 605]
Event: 0.726 Thread 0x0000000002ff5800 Implicit null exception at 0x0000000003342c14 to 0x0000000003342ebd
Event: 0.735 Thread 0x0000000002ff5800 Exception <a 'java/lang/ArrayIndexOutOfBoundsException': 65> (0x000000076c60bcb0) thrown at [C:\re\workspace\8-2-build-windows-amd64-cygwin\jdk8u201\12322\hotspot\src\share\vm\interpreter\interpreterRuntime.cpp, line 368]
Event: 0.735 Thread 0x0000000002ff5800 Exception <a 'java/lang/ArrayIndexOutOfBoundsException': 60> (0x000000076c611af8) thrown at [C:\re\workspace\8-2-build-windows-amd64-cygwin\jdk8u201\12322\hotspot\src\share\vm\interpreter\interpreterRuntime.cpp, line 368]

Events (10 events):
Event: 66.656 Executing VM operation: ChangeBreakpoints done
Event: 66.660 Executing VM operation: ChangeBreakpoints
Event: 66.661 Executing VM operation: ChangeBreakpoints done
Event: 66.661 Executing VM operation: ChangeBreakpoints
Event: 66.661 Executing VM operation: ChangeBreakpoints done
Event: 66.765 Executing VM operation: GetOwnedMonitorInfo
Event: 66.765 Executing VM operation: GetOwnedMonitorInfo done
Event: 66.765 Executing VM operation: GetCurrentContendedMonitor
Event: 66.765 Executing VM operation: GetCurrentContendedMonitor done
Event: 66.768 Executing VM operation: GetOrSetLocal


Dynamic libraries:
0x00007ff7ce560000 - 0x00007ff7ce597000 	C:\Program Files\Java\jdk1.8.0_201\bin\javaw.exe
0x00007ff865b70000 - 0x00007ff865d51000 	C:\Windows\SYSTEM32\ntdll.dll
0x00007ff8636a0000 - 0x00007ff863751000 	C:\Windows\System32\KERNEL32.DLL
0x00007ff8624a0000 - 0x00007ff862713000 	C:\Windows\System32\KERNELBASE.dll
0x00007ff862fd0000 - 0x00007ff863071000 	C:\Windows\System32\ADVAPI32.dll
0x00007ff863760000 - 0x00007ff8637fe000 	C:\Windows\System32\msvcrt.dll
0x00007ff863ea0000 - 0x00007ff863efb000 	C:\Windows\System32\sechost.dll
0x00007ff8641b0000 - 0x00007ff8642d4000 	C:\Windows\System32\RPCRT4.dll
0x00007ff863ab0000 - 0x00007ff863c40000 	C:\Windows\System32\USER32.dll
0x00007ff862100000 - 0x00007ff862120000 	C:\Windows\System32\win32u.dll
0x00007ff863900000 - 0x00007ff863928000 	C:\Windows\System32\GDI32.dll
0x00007ff862720000 - 0x00007ff8628b2000 	C:\Windows\System32\gdi32full.dll
0x00007ff8623a0000 - 0x00007ff86243f000 	C:\Windows\System32\msvcp_win.dll
0x00007ff8622a0000 - 0x00007ff862398000 	C:\Windows\System32\ucrtbase.dll
0x00007ff83b5e0000 - 0x00007ff83b849000 	C:\Windows\WinSxS\amd64_microsoft.windows.common-controls_6595b64144ccf1df_6.0.17134.765_none_fb42a1a930655896\COMCTL32.dll
0x00007ff8642e0000 - 0x00007ff864602000 	C:\Windows\System32\combase.dll
0x00007ff862170000 - 0x00007ff8621ea000 	C:\Windows\System32\bcryptPrimitives.dll
0x00007ff863080000 - 0x00007ff8630ad000 	C:\Windows\System32\IMM32.DLL
0x0000000059050000 - 0x0000000059121000 	C:\Program Files\Java\jdk1.8.0_201\jre\bin\msvcr100.dll
0x00000000587a0000 - 0x0000000059044000 	C:\Program Files\Java\jdk1.8.0_201\jre\bin\server\jvm.dll
0x00007ff863800000 - 0x00007ff863808000 	C:\Windows\System32\PSAPI.DLL
0x00007ff857840000 - 0x00007ff85784a000 	C:\Windows\SYSTEM32\VERSION.dll
0x00007ff859340000 - 0x00007ff859349000 	C:\Windows\SYSTEM32\WSOCK32.dll
0x00007ff863c50000 - 0x00007ff863cbc000 	C:\Windows\System32\WS2_32.dll
0x00007ff8589f0000 - 0x00007ff858a13000 	C:\Windows\SYSTEM32\WINMM.dll
0x00007ff8589c0000 - 0x00007ff8589ea000 	C:\Windows\SYSTEM32\WINMMBASE.dll
0x00007ff862120000 - 0x00007ff862169000 	C:\Windows\System32\cfgmgr32.dll
0x00007ff858570000 - 0x00007ff85857f000 	C:\Program Files\Java\jdk1.8.0_201\jre\bin\verify.dll
0x00007ff841270000 - 0x00007ff841299000 	C:\Program Files\Java\jdk1.8.0_201\jre\bin\java.dll
0x00007ff83d5b0000 - 0x00007ff83d5e5000 	C:\Program Files\Java\jdk1.8.0_201\jre\bin\jdwp.dll
0x00007ff857d50000 - 0x00007ff857d58000 	C:\Program Files\Java\jdk1.8.0_201\jre\bin\npt.dll
0x00007ff84d310000 - 0x00007ff84d326000 	C:\Program Files\Java\jdk1.8.0_201\jre\bin\zip.dll
0x00007ff8646d0000 - 0x00007ff865b10000 	C:\Windows\System32\SHELL32.dll
0x00007ff864610000 - 0x00007ff8646b9000 	C:\Windows\System32\shcore.dll
0x00007ff8628c0000 - 0x00007ff862fcd000 	C:\Windows\System32\windows.storage.dll
0x00007ff864050000 - 0x00007ff8640a1000 	C:\Windows\System32\shlwapi.dll
0x00007ff861e90000 - 0x00007ff861ea1000 	C:\Windows\System32\kernel.appcore.dll
0x00007ff861e70000 - 0x00007ff861e8f000 	C:\Windows\System32\profapi.dll
0x00007ff861ec0000 - 0x00007ff861f0c000 	C:\Windows\System32\powrprof.dll
0x00007ff861eb0000 - 0x00007ff861eba000 	C:\Windows\System32\FLTLIB.DLL
0x00007ff8510a0000 - 0x00007ff8510a9000 	C:\Program Files\Java\jdk1.8.0_201\jre\bin\dt_socket.dll
0x00007ff845e70000 - 0x00007ff845e86000 	C:\Windows\system32\napinsp.dll
0x00007ff845e90000 - 0x00007ff845eaa000 	C:\Windows\system32\pnrpnsp.dll
0x00007ff85df90000 - 0x00007ff85dfa9000 	C:\Windows\system32\NLAapi.dll
0x00007ff8616d0000 - 0x00007ff861736000 	C:\Windows\System32\mswsock.dll
0x00007ff861490000 - 0x00007ff86154e000 	C:\Windows\SYSTEM32\DNSAPI.dll
0x00007ff8646c0000 - 0x00007ff8646c8000 	C:\Windows\System32\NSI.dll
0x00007ff861450000 - 0x00007ff861488000 	C:\Windows\SYSTEM32\IPHLPAPI.DLL
0x00007ff859320000 - 0x00007ff85932e000 	C:\Windows\System32\winrnr.dll
0x00007ff85d770000 - 0x00007ff85d7e2000 	C:\Windows\System32\fwpuclnt.dll
0x00007ff8619b0000 - 0x00007ff8619d5000 	C:\Windows\SYSTEM32\bcrypt.dll
0x00007ff85c040000 - 0x00007ff85c04a000 	C:\Windows\System32\rasadhlp.dll
0x00007ff8468b0000 - 0x00007ff8468ca000 	C:\Program Files\Java\jdk1.8.0_201\jre\bin\net.dll
0x00007ff859f20000 - 0x00007ff85a0e8000 	C:\Windows\SYSTEM32\urlmon.dll
0x00007ff8597e0000 - 0x00007ff859a87000 	C:\Windows\SYSTEM32\iertutil.dll
0x00007ff8618a0000 - 0x00007ff8618ab000 	C:\Windows\SYSTEM32\CRYPTBASE.DLL
0x00007ff861880000 - 0x00007ff861897000 	C:\Windows\SYSTEM32\CRYPTSP.dll
0x00007ff8612b0000 - 0x00007ff8612e3000 	C:\Windows\system32\rsaenh.dll
0x00007ff861d50000 - 0x00007ff861d78000 	C:\Windows\SYSTEM32\USERENV.dll
0x00007ff85d5a0000 - 0x00007ff85d5b6000 	C:\Windows\SYSTEM32\dhcpcsvc6.DLL
0x00007ff85d580000 - 0x00007ff85d59a000 	C:\Windows\SYSTEM32\dhcpcsvc.DLL
0x00007ff841460000 - 0x00007ff841471000 	C:\Program Files\Java\jdk1.8.0_201\jre\bin\nio.dll

VM Arguments:
jvm_args: -agentlib:jdwp=transport=dt_socket,suspend=y,address=localhost:56639 -ea -Dfile.encoding=Cp1252 -Xbootclasspath:C:\Program Files\Java\jdk1.8.0_201\jre\lib\resources.jar;C:\Program Files\Java\jdk1.8.0_201\jre\lib\rt.jar;C:\Program Files\Java\jdk1.8.0_201\jre\lib\jsse.jar;C:\Program Files\Java\jdk1.8.0_201\jre\lib\jce.jar;C:\Program Files\Java\jdk1.8.0_201\jre\lib\charsets.jar;C:\Program Files\Java\jdk1.8.0_201\jre\lib\jfr.jar;C:\Program Files\Java\jdk1.8.0_201\lib\tools.jar 
java_command: org.testng.remote.RemoteTestNG -serport 56638 -protocol json -d C:\Users\dheeraj.singh\git\JavaFrameWork\test-output C:\Users\DHEERA~1.SIN\AppData\Local\Temp\testng-eclipse-1000846513\testng-customsuite.xml
java_class_path (initial): C:\Users\dheeraj.singh\Downloads\eclipse-jee-2018-12-R-win32-x86_64\eclipse\configuration\org.eclipse.osgi\1031\0\.cp\lib\testng-remote.jar;C:\Users\dheeraj.singh\git\JavaFrameWork\target\test-classes;C:\Users\dheeraj.singh\git\JavaFrameWork\target\classes;C:\Users\dheeraj.singh\.m2\repository\org\seleniumhq\selenium\selenium-java\3.141.0\selenium-java-3.141.0.jar;C:\Users\dheeraj.singh\.m2\repository\org\seleniumhq\selenium\selenium-api\3.141.0\selenium-api-3.141.0.jar;C:\Users\dheeraj.singh\.m2\repository\org\seleniumhq\selenium\selenium-edge-driver\3.141.0\selenium-edge-driver-3.141.0.jar;C:\Users\dheeraj.singh\.m2\repository\org\seleniumhq\selenium\selenium-opera-driver\3.141.0\selenium-opera-driver-3.141.0.jar;C:\Users\dheeraj.singh\.m2\repository\org\seleniumhq\selenium\selenium-remote-driver\3.141.0\selenium-remote-driver-3.141.0.jar;C:\Users\dheeraj.singh\.m2\repository\org\seleniumhq\selenium\selenium-safari-driver\3.141.0\selenium-safari-driver-3.141.0.jar;C:\Users\dheeraj.singh\.m2\repository\net\bytebuddy\byte-buddy\1.8.15\byte-buddy-1.8.15.jar;C:\Users\dheeraj.singh\.m2\repository\org\apache\commons\commons-exec\1.3\commons-exec-1.3.jar;C:\Users\dheeraj.singh\.m2\repository\com\google\guava\guava\25.0-jre\guava-25.0-jre.jar;C:\Users\dheeraj.singh\.m2\repository\com\google\code\findbugs\jsr305\1.3.9\jsr305-1.3.9.jar;C:\Users\dheeraj.singh\.m2\repository\org\checkerframework\checker-compat-qual\2.0.0\checker-compat-qual-2.0.0.jar;C:\Users\dheeraj.singh\.m2\repository\com\google\errorprone\error_prone_annotations\2.1.3\error_prone_annotations-2.1.3.jar;C:\Users\dheeraj.singh\.m2\repository\com\google\j2objc\j2objc-annotations\1.1\j2objc-annotations-1.1.jar;C:\Users\dheeraj.singh\.m2\repository\org\codehaus\mojo\animal-sniffer-annotations\1.14\animal-sniffer-annotations-1.14.jar;C:\Users\dheeraj.singh\.m2\repository\com\squareup\okhttp3\okhttp\3.11.0\okhttp-3.11.0.jar;C:\Users\dheeraj.singh\.m2\repository\com\squareup\okio\okio\
Launcher Type: SUN_STANDARD

Environment Variables:
PATH=C:\Program Files\Java\jdk1.8.0_201\jre\bin;C:/Program Files/Java/jre1.8.0_201/bin/server;C:/Program Files/Java/jre1.8.0_201/bin;C:/Program Files/Java/jre1.8.0_201/lib/amd64;C:\Program Files (x86)\Common Files\Oracle\Java\javapath;C:\Windows\system32;C:\Windows;C:\Windows\System32\Wbem;C:\Windows\System32\WindowsPowerShell\v1.0\;C:\Windows\System32\OpenSSH\;C:\Program Files\TortoiseSVN\bin;C:\Program Files\dotnet\;C:\Program Files\Microsoft SQL Server\130\Tools\Binn\;E:\Selenium jars\apache-maven-3.6.0\bin;C:\Program Files\nodejs\;C:\Program Files\Microsoft SQL Server\Client SDK\ODBC\130\Tools\Binn\;C:\Program Files (x86)\Microsoft SQL Server\140\Tools\Binn\;C:\Program Files\Microsoft SQL Server\140\Tools\Binn\;C:\Program Files\Microsoft SQL Server\140\DTS\Binn\;C:\Program Files\Microsoft SQL Server\110\DTS\Binn\;C:\Program Files (x86)\Microsoft SQL Server\110\Tools\Binn\;C:\Program Files\Microsoft SQL Server\110\Tools\Binn\;C:\Program Files (x86)\Microsoft SQL Server\110\Tools\Binn\ManagementStudio\;C:\Program Files (x86)\Microsoft Visual Studio 10.0\Common7\IDE\PrivateAssemblies\;C:\Program Files (x86)\Microsoft SQL Server\110\DTS\Binn\;C:\Program Files\Java\jdk1.8.0_201\bin;C:\Users\dheeraj.singh\AppData\Local\Programs\Git\cmd;C:\Users\dheeraj.singh\.dotnet\tools;C:\Users\dheeraj.singh\AppData\Roaming\npm;C:\Users\dheeraj.singh\Downloads\eclipse-jee-2018-12-R-win32-x86_64\eclipse;
USERNAME=dheeraj.singh
OS=Windows_NT
PROCESSOR_IDENTIFIER=Intel64 Family 6 Model 158 Stepping 9, GenuineIntel



---------------  S Y S T E M  ---------------

OS: Windows 10.0 , 64 bit Build 17134 (10.0.17134.753)

CPU:total 4 (initial active 4) (4 cores per cpu, 1 threads per core) family 6 model 158 stepping 9, cmov, cx8, fxsr, mmx, sse, sse2, sse3, ssse3, sse4.1, sse4.2, popcnt, avx, avx2, aes, clmul, erms, rtm, 3dnowpref, lzcnt, tsc, tscinvbit, bmi1, bmi2, adx

Memory: 4k page, physical 16670584k(8307112k free), swap 19160952k(5584548k free)

vm_info: Java HotSpot(TM) 64-Bit Server VM (25.201-b09) for windows-amd64 JRE (1.8.0_201-b09), built on Dec 15 2018 18:36:39 by "java_re" with MS VC++ 10.0 (VS2010)

time: Mon Jun 03 17:24:17 2019
timezone: India Standard Time
elapsed time: 66 seconds (0d 0h 1m 6s)

